<?xml version="1.0" encoding="UTF-8"?>
<testsuite xmlns:xsi="http://www.w3.org/2001/XMLSchema-instance" xsi:noNamespaceSchemaLocation="https://maven.apache.org/surefire/maven-surefire-plugin/xsd/surefire-test-report-3.0.xsd" version="3.0" name="Book flight ticket" time="0.515" tests="2" errors="0" skipped="0" failures="0">
  <properties>
[...]
</properties>
  <testcase name="Book Flight for one way trip" classname="Book flight ticket" time="0.455">
    <system-out><![CDATA[
@BookOneWayFlight
Scenario: Book Flight for one way trip                                                                  # src/test/resources/flightBooking.feature:4
I want to book one way flight ticket from Dublin to London on 22nd July for 2 adults and 2 kids
  Given I want to book one way flight ticket from Dublin to London on 22nd July for 2 adults and 2 kids # parallelStepDefinitions.FlightBookingDefinitions.i_want_to_book_one_way_flight_ticket_from_Dublin_to_London_on_22nd_July_for_adults_and_kids(java.lang.Integer,java.lang.Integer)
TripAdvisor should provide me options to book flight ticket
  Then TripAdvisor should provide me options to book flight ticket                                      # parallelStepDefinitions.FlightBookingDefinitions.tripadvisor_should_provide_me_options_to_book_flight_ticket()
]]></system-out>
  </testcase>
  <testcase name="Book Flight for round trip" classname="Book flight ticket" time="0.06">
    <system-out><![CDATA[
@BookRoundTripFlight
Scenario: Book Flight for round trip                                                                                          # src/test/resources/flightBooking.feature:10
I want to book one way flight ticket from Dublin to London on 22nd July for 2 adults and 2 kids
  Given I want to book round trip flight ticket from Dublin to India on 30th June and return 10th July for 2 adults and 1 kid # parallelStepDefinitions.FlightBookingDefinitions.i_want_to_book_round_trip_flight_ticket_from_Dublin_to_India_on_30th_June_and_return_10th_July_for_adults_and_kid(java.lang.Integer,java.lang.Integer)
TripAdvisor should provide me options to book flight ticket
  Then TripAdvisor should provide me options to book flight ticket                                                            # parallelStepDefinitions.FlightBookingDefinitions.tripadvisor_should_provide_me_options_to_book_flight_ticket()
]]></system-out>
  </testcase>
</testsuite>